#
# A fatal error has been detected by the Java Runtime Environment:
#
#  SIGSEGV (0xb) at pc=0x000000011049dcac, pid=7739, tid=0x0000000000002207
#
# JRE version: OpenJDK Runtime Environment (8.0_152-b22) (build 1.8.0_152-release-1248-b22)
# Java VM: OpenJDK 64-Bit Server VM (25.152-b22 mixed mode bsd-amd64 compressed oops)
# Problematic frame:
# V  [libjvm.dylib+0x29dcac]  void PSParallelCompact::mark_and_push<unsigned int>(ParCompactionManager*, unsigned int*)+0x50
#
# Failed to write core dump. Core dumps have been disabled. To enable core dumping, try "ulimit -c unlimited" before starting Java again
#
# If you would like to submit a bug report, please visit:
#   http://bugreport.java.com/bugreport/crash.jsp
#

---------------  T H R E A D  ---------------

Current thread (0x00007fe8f5014000):  GCTaskThread [stack: 0x000070000ae75000,0x000070000af75000] [id=8711]

siginfo: si_signo: 11 (SIGSEGV), si_code: 0 (unknown), si_addr: 0x0000000000000000

Registers:
RAX=0x0000000122ebe000, RBX=0x0000000662f137e0, RCX=0x007fffffff81789b, RDX=0x1fffffffe05e26fc
RSP=0x000070000af74c00, RBP=0x000070000af74c20, RSI=0x0000000762f137dc, RDI=0x00007fe8f3d02630
R8 =0x000000000000005e, R9 =0x0000000110a2752b, R10=0x00000001246be000, R11=0x0000004000000001
R12=0x00007fe8f3d02630, R13=0x00000007c03531c0, R14=0x00007fe8f3d02630, R15=0x0000000762f137b8
RIP=0x000000011049dcac, EFLAGS=0x0000000000010203, ERR=0x0000000000000000
  TRAPNO=0x000000000000000d

Top of Stack: (sp=0x000070000af74c00)
0x000070000af74c00:   0800880110044884 0000000762f137dc
0x000070000af74c10:   0000000762f137e0 0000000762f137b8
0x000070000af74c20:   000070000af74c70 000000011049dbfb
0x000070000af74c30:   00007fe8f3d02630 00000007600100b8
0x000070000af74c40:   00000007c03531c8 0000000110a2bdb0
0x000070000af74c50:   0000000110a2752b 0000000110a27529
0x000070000af74c60:   0000000110a27529 00007fe8f3d02630
0x000070000af74c70:   000070000af74d20 000000011069446f
0x000070000af74c80:   0000000000008000 00007fe8f3d02670
0x000070000af74c90:   0000000762f137b8 00007fe8f3d02638
0x000070000af74ca0:   0000000000009f3e 0000000762e88a58
0x000070000af74cb0:   00007fe8f3d026b8 0000000762e88a58
0x000070000af74cc0:   0000000762e88a58 00007fe8f3d026f0
0x000070000af74cd0:   000011e10000011d 0000000763137f38
0x000070000af74ce0:   00007fe8f3d02630 0000000000009800
0x000070000af74cf0:   0000700000009600 0000000762e89a68
0x000070000af74d00:   000070000af74d80 00007fe8f3d02630
0x000070000af74d10:   0000000000000400 0000000000000000
0x000070000af74d20:   000070000af74dc0 0000000110685c5b
0x000070000af74d30:   00007fe8f3f08e38 00007fe8f9561900
0x000070000af74d40:   0000000762e88a58 0000000100000200
0x000070000af74d50:   0000000000000000 0000000762e88a58
0x000070000af74d60:   00007fe8f3d026f0 0000000762e88a58
0x000070000af74d70:   000070000af74d90 000000011045e63c
0x000070000af74d80:   000000000b8cd8c6 00007fe8f3f086d0
0x000070000af74d90:   0000700000000400 00007fe8f5014000
0x000070000af74da0:   00007fe8f9561900 00000001107d641f
0x000070000af74db0:   0000000000000000 0000000000000001
0x000070000af74dc0:   000070000af74ea0 000000011045f488
0x000070000af74dd0:   00007fe8f3f09600 00007fe8f5014000
0x000070000af74de0:   00007fe8f3f08e40 00007fe8f3f08e80
0x000070000af74df0:   00007fe8f3f08e90 00007fe8f3f08f68 

Instructions: (pc=0x000000011049dcac)
0x000000011049dc8c:   89 da 48 2b 10 48 c1 ea 03 48 8d 0d 4c 54 56 00
0x000000011049dc9c:   8a 09 48 d3 ea 48 8b 40 30 48 89 d1 48 c1 e9 06
0x000000011049dcac:   48 8b 04 c8 48 0f a3 d0 0f 82 0d 01 00 00 48 8d
0x000000011049dcbc:   05 68 98 58 00 8a 10 84 d2 74 15 48 8d 05 42 88 

Register to memory mapping:

RAX=0x0000000122ebe000 is an unknown value
RBX=0x0000000662f137e0 is an unknown value
RCX=0x007fffffff81789b is an unknown value
RDX=0x1fffffffe05e26fc is an unknown value
RSP=0x000070000af74c00 is an unknown value
RBP=0x000070000af74c20 is an unknown value
RSI=0x0000000762f137dc is pointing into object: 0x0000000762f137b8
org.jetbrains.kotlin.com.intellij.openapi.vfs.impl.ArchiveHandler$EntryInfo 
 - klass: 'org/jetbrains/kotlin/com/intellij/openapi/vfs/impl/ArchiveHandler$EntryInfo'
RDI=0x00007fe8f3d02630 is an unknown value
R8 =0x000000000000005e is an unknown value
R9 =0x0000000110a2752b: AssumeMP+0 in /Users/florinam/Work/Coding/Android Studio 3.4 Preview.app/Contents/jre/jdk/Contents/Home/jre/lib/server/libjvm.dylib at 0x0000000110200000
R10=0x00000001246be000 is an unknown value
R11=0x0000004000000001 is an unknown value
R12=0x00007fe8f3d02630 is an unknown value
R13=0x00000007c03531c0 is pointing into metadata
R14=0x00007fe8f3d02630 is an unknown value
R15=0x0000000762f137b8 is an oop
org.jetbrains.kotlin.com.intellij.openapi.vfs.impl.ArchiveHandler$EntryInfo 
 - klass: 'org/jetbrains/kotlin/com/intellij/openapi/vfs/impl/ArchiveHandler$EntryInfo'


Stack: [0x000070000ae75000,0x000070000af75000],  sp=0x000070000af74c00,  free space=1023k
Native frames: (J=compiled Java code, j=interpreted, Vv=VM code, C=native code)
V  [libjvm.dylib+0x29dcac]  void PSParallelCompact::mark_and_push<unsigned int>(ParCompactionManager*, unsigned int*)+0x50
V  [libjvm.dylib+0x29dbfb]  InstanceKlass::oop_follow_contents(ParCompactionManager*, oopDesc*)+0xbf
V  [libjvm.dylib+0x49446f]  ParCompactionManager::follow_marking_stacks()+0x16b
V  [libjvm.dylib+0x485c5b]  StealMarkingTask::do_it(GCTaskManager*, unsigned int)+0x1cb
V  [libjvm.dylib+0x25f488]  GCTaskThread::run()+0x130
V  [libjvm.dylib+0x45fb8d]  java_start(Thread*)+0xfa
C  [libsystem_pthread.dylib+0x3661]  _pthread_body+0x154
C  [libsystem_pthread.dylib+0x350d]  _pthread_body+0x0
C  [libsystem_pthread.dylib+0x2bf9]  thread_start+0xd


---------------  P R O C E S S  ---------------

Java Threads: ( => current thread )
  0x00007fe8f43f9800 JavaThread "RMI RenewClean-[127.0.0.1:61172,org.jetbrains.kotlin.daemon.common.LoopbackNetworkInterface$ClientLoopbackSocketFactory@6c6364ec]" daemon [_thread_blocked, id=38167, stack(0x000070000e311000,0x000070000e411000)]
  0x00007fe8f7efa800 JavaThread "RMI TCP Connection(1253)-127.0.0.1" daemon [_thread_blocked, id=43807, stack(0x000070000e20e000,0x000070000e30e000)]
  0x00007fe8fa09e000 JavaThread "RMI RenewClean-[127.0.0.1:61172,org.jetbrains.kotlin.daemon.common.LoopbackNetworkInterface$ClientLoopbackSocketFactory@3bfdd136]" daemon [_thread_blocked, id=40039, stack(0x000070000e10b000,0x000070000e20b000)]
  0x00007fe8fa55e000 JavaThread "RMI TCP Connection(1252)-127.0.0.1" daemon [_thread_blocked, id=45835, stack(0x000070000df05000,0x000070000e005000)]
  0x00007fe9005f9000 JavaThread "RMI RenewClean-[127.0.0.1:61172,org.jetbrains.kotlin.daemon.common.LoopbackNetworkInterface$ClientLoopbackSocketFactory@743df627]" daemon [_thread_blocked, id=25403, stack(0x000070000dcff000,0x000070000ddff000)]
  0x00007fe8f5e18800 JavaThread "RMI TCP Connection(1251)-127.0.0.1" daemon [_thread_blocked, id=45587, stack(0x000070000daf9000,0x000070000dbf9000)]
  0x00007fe8fc464000 JavaThread "RMI RenewClean-[127.0.0.1:61172,org.jetbrains.kotlin.daemon.common.LoopbackNetworkInterface$ClientLoopbackSocketFactory@17eafc4b]" daemon [_thread_blocked, id=30239, stack(0x000070000d8f3000,0x000070000d9f3000)]
  0x00007fe8fe0d5800 JavaThread "RMI TCP Connection(1250)-127.0.0.1" daemon [_thread_in_native, id=43587, stack(0x000070000cfd8000,0x000070000d0d8000)]
  0x00007fe8fa55f800 JavaThread "RMI RenewClean-[127.0.0.1:61172,org.jetbrains.kotlin.daemon.common.LoopbackNetworkInterface$ClientLoopbackSocketFactory@1910dd1a]" daemon [_thread_blocked, id=27723, stack(0x000070000d7f0000,0x000070000d8f0000)]
  0x00007fe8f92f9000 JavaThread "RMI TCP Connection(1249)-127.0.0.1" daemon [_thread_in_native, id=85015, stack(0x000070000d6ed000,0x000070000d7ed000)]
  0x00007fe900105800 JavaThread "RMI RenewClean-[127.0.0.1:61172,org.jetbrains.kotlin.daemon.common.LoopbackNetworkInterface$ClientLoopbackSocketFactory@2433a555]" daemon [_thread_blocked, id=39775, stack(0x000070000d5ea000,0x000070000d6ea000)]
  0x00007fe8f8446000 JavaThread "RMI TCP Connection(1248)-127.0.0.1" daemon [_thread_in_native, id=33563, stack(0x000070000d4e7000,0x000070000d5e7000)]
  0x00007fe8fbdc1800 JavaThread "RMI RenewClean-[127.0.0.1:61172,org.jetbrains.kotlin.daemon.common.LoopbackNetworkInterface$ClientLoopbackSocketFactory@779618c7]" daemon [_thread_blocked, id=31527, stack(0x000070000d3e4000,0x000070000d4e4000)]
  0x00007fe8f5ebf800 JavaThread "RMI TCP Connection(1247)-127.0.0.1" daemon [_thread_in_native, id=46095, stack(0x000070000d2e1000,0x000070000d3e1000)]
  0x00007fe8f7929000 JavaThread "RMI RenewClean-[127.0.0.1:61172,org.jetbrains.kotlin.daemon.common.LoopbackNetworkInterface$ClientLoopbackSocketFactory@55c1db4b]" daemon [_thread_blocked, id=36967, stack(0x000070000d1de000,0x000070000d2de000)]
  0x00007fe8f4597800 JavaThread "RMI TCP Connection(1243)-127.0.0.1" daemon [_thread_in_native, id=37215, stack(0x000070000d0db000,0x000070000d1db000)]
  0x00007fe8f5e65000 JavaThread "RMI TCP Connection(1246)-127.0.0.1" daemon [_thread_in_native, id=18511, stack(0x000070000ced5000,0x000070000cfd5000)]
  0x00007fe8fb912000 JavaThread "RMI RenewClean-[127.0.0.1:61172,org.jetbrains.kotlin.daemon.common.LoopbackNetworkInterface$ClientLoopbackSocketFactory@49ccecd0]" daemon [_thread_blocked, id=26427, stack(0x000070000cdd2000,0x000070000ced2000)]
  0x00007fe8f7b29000 JavaThread "RMI TCP Connection(1244)-127.0.0.1" daemon [_thread_in_native, id=30563, stack(0x000070000cac9000,0x000070000cbc9000)]
  0x00007fe8fe584800 JavaThread "RMI RenewClean-[127.0.0.1:61172,org.jetbrains.kotlin.daemon.common.LoopbackNetworkInterface$ClientLoopbackSocketFactory@1207ef33]" daemon [_thread_blocked, id=46635, stack(0x000070000cccf000,0x000070000cdcf000)]
  0x00007fe8fc016800 JavaThread "RMI TCP Connection(1245)-127.0.0.1" daemon [_thread_in_native, id=35603, stack(0x000070000cbcc000,0x000070000cccc000)]
  0x00007fe8fbd16800 JavaThread "RMI TCP Connection(1239)-127.0.0.1" daemon [_thread_in_native, id=28535, stack(0x000070000c7c0000,0x000070000c8c0000)]
  0x00007fe8fe29c800 JavaThread "RMI RenewClean-[127.0.0.1:61172,org.jetbrains.kotlin.daemon.common.LoopbackNetworkInterface$ClientLoopbackSocketFactory@7ff16aae]" daemon [_thread_blocked, id=29499, stack(0x000070000c9c6000,0x000070000cac6000)]
  0x00007fe8f4760000 JavaThread "RMI TCP Connection(1237)-127.0.0.1" daemon [_thread_in_native, id=44843, stack(0x000070000c8c3000,0x000070000c9c3000)]
  0x00007fe8fbd8c000 JavaThread "RMI TCP Connection(1238)-127.0.0.1" daemon [_thread_in_native, id=39599, stack(0x000070000c5ba000,0x000070000c6ba000)]
  0x00007fe8fa336800 JavaThread "RMI TCP Connection(1233)-127.0.0.1" daemon [_thread_in_native, id=29307, stack(0x000070000c2b1000,0x000070000c3b1000)]
  0x00007fe8f50bf000 JavaThread "RMI TCP Connection(1254)-127.0.0.1" daemon [_thread_in_native, id=84763, stack(0x000070000ac6c000,0x000070000ad6c000)]
  0x00007fe8fa030000 JavaThread "RMI RenewClean-[127.0.0.1:61172,org.jetbrains.kotlin.daemon.common.LoopbackNetworkInterface$ClientLoopbackSocketFactory@5a9fac62]" daemon [_thread_blocked, id=32071, stack(0x000070000e008000,0x000070000e108000)]
  0x00007fe8fa0c9800 JavaThread "RMI RenewClean-[127.0.0.1:61172,org.jetbrains.kotlin.daemon.common.LoopbackNetworkInterface$ClientLoopbackSocketFactory@70fb8767]" daemon [_thread_blocked, id=32611, stack(0x000070000de02000,0x000070000df02000)]
  0x00007fe8ff5ec800 JavaThread "RMI RenewClean-[127.0.0.1:61172,org.jetbrains.kotlin.daemon.common.LoopbackNetworkInterface$ClientLoopbackSocketFactory@44afd401]" daemon [_thread_blocked, id=4143, stack(0x000070000dbfc000,0x000070000dcfc000)]
  0x00007fe8fbd7e000 JavaThread "RMI RenewClean-[127.0.0.1:61172,org.jetbrains.kotlin.daemon.common.LoopbackNetworkInterface$ClientLoopbackSocketFactory@1666adb3]" daemon [_thread_blocked, id=85259, stack(0x000070000d9f6000,0x000070000daf6000)]
  0x00007fe8f48ba000 JavaThread "RMI Scheduler(0)" daemon [_thread_blocked, id=23555, stack(0x000070000c6bd000,0x000070000c7bd000)]
  0x00007fe8f48b4000 JavaThread "DestroyJavaVM" [_thread_blocked, id=10243, stack(0x000070000ad72000,0x000070000ae72000)]
  0x00007fe8f50f8800 JavaThread "GC Daemon" daemon [_thread_blocked, id=23043, stack(0x000070000c4b7000,0x000070000c5b7000)]
  0x00007fe8f5810000 JavaThread "RMI Reaper" [_thread_blocked, id=42499, stack(0x000070000c3b4000,0x000070000c4b4000)]
  0x00007fe8f48ad000 JavaThread "Timer-0" daemon [_thread_blocked, id=22275, stack(0x000070000c1ae000,0x000070000c2ae000)]
  0x00007fe8f80ec000 JavaThread "RMI TCP Accept-17379" daemon [_thread_in_native, id=22019, stack(0x000070000c0ab000,0x000070000c1ab000)]
  0x00007fe8f406c800 JavaThread "Service Thread" daemon [_thread_blocked, id=15875, stack(0x000070000bea5000,0x000070000bfa5000)]
  0x00007fe8f8008000 JavaThread "C1 CompilerThread3" daemon [_thread_blocked, id=15363, stack(0x000070000bda2000,0x000070000bea2000)]
  0x00007fe8f7000800 JavaThread "C2 CompilerThread2" daemon [_thread_blocked, id=15107, stack(0x000070000bc9f000,0x000070000bd9f000)]
  0x00007fe8f8007000 JavaThread "C2 CompilerThread1" daemon [_thread_blocked, id=16899, stack(0x000070000bb9c000,0x000070000bc9c000)]
  0x00007fe8f405c000 JavaThread "C2 CompilerThread0" daemon [_thread_blocked, id=17155, stack(0x000070000ba99000,0x000070000bb99000)]
  0x00007fe8f405b000 JavaThread "Signal Dispatcher" daemon [_thread_blocked, id=17419, stack(0x000070000b996000,0x000070000ba96000)]
  0x00007fe8f5024000 JavaThread "Finalizer" daemon [_thread_blocked, id=13059, stack(0x000070000b893000,0x000070000b993000)]
  0x00007fe8f5816000 JavaThread "Reference Handler" daemon [_thread_blocked, id=12803, stack(0x000070000b790000,0x000070000b890000)]

Other Threads:
  0x00007fe8f5813000 VMThread [stack: 0x000070000b68d000,0x000070000b78d000] [id=20227]
  0x00007fe8f8033000 WatcherThread [stack: 0x000070000bfa8000,0x000070000c0a8000] [id=16131]

=>0x00007fe8f5014000 (exited) GCTaskThread [stack: 0x000070000ae75000,0x000070000af75000] [id=8711]

VM state:at safepoint (normal execution)

VM Mutex/Monitor currently owned by a thread:  ([mutex/lock_event])
[0x00007fe8f3c05890] Threads_lock - owner thread: 0x00007fe8f5813000
[0x00007fe8f3c05d90] Heap_lock - owner thread: 0x00007fe8f5e18800

Heap:
 PSYoungGen      total 387584K, used 72131K [0x00000007a0000000, 0x00000007c0000000, 0x00000007c0000000)
  eden space 270336K, 0% used [0x00000007a0000000,0x00000007a0000000,0x00000007b0800000)
  from space 117248K, 61% used [0x00000007b8d80000,0x00000007bd3f0ee0,0x00000007c0000000)
  to   space 126976K, 0% used [0x00000007b0800000,0x00000007b0800000,0x00000007b8400000)
 ParOldGen       total 688640K, used 688144K [0x0000000760000000, 0x000000078a080000, 0x00000007a0000000)
  object space 688640K, 99% used [0x0000000760000000,0x000000078a0041d8,0x000000078a080000)
 Metaspace       used 371748K, capacity 390305K, committed 471700K, reserved 1435648K
  class space    used 47897K, capacity 51751K, committed 85692K, reserved 1048576K

Card table byte_map: [0x000000011105c000,0x000000011135d000] byte_map_base: 0x000000010d55c000

Marking Bits: (ParMarkBitMap*) 0x0000000110a2c8f8
 Begin Bits: [0x0000000122ebe000, 0x00000001246be000)
 End Bits:   [0x00000001246be000, 0x0000000125ebe000)

Polling page: 0x000000010f099000

CodeCache: size=245760Kb used=151091Kb max_used=184258Kb free=94668Kb
 bounds [0x0000000113ebe000, 0x000000011f3be000, 0x0000000122ebe000]
 total_blobs=40001 nmethods=39379 adapters=530
 compilation: enabled

Compilation events (10 events):
Event: 15922.845 Thread 0x00007fe8f8008000 nmethod 131731 0x000000011c220c90 code [0x000000011c220f00, 0x000000011c221f68]
Event: 15922.845 Thread 0x00007fe8f8008000 131738       1       org.openjdk.tools.javac.tree.JCTree$JCIdent::getKind (4 bytes)
Event: 15922.845 Thread 0x00007fe8f8008000 nmethod 131738 0x0000000119c43710 code [0x0000000119c43860, 0x0000000119c43970]
Event: 15922.845 Thread 0x00007fe8f8008000 131712       3       org.openjdk.tools.javac.code.Type::<init> (20 bytes)
Event: 15922.846 Thread 0x00007fe8f8008000 nmethod 131712 0x000000011c2204d0 code [0x000000011c220660, 0x000000011c220a68]
Event: 15922.846 Thread 0x00007fe8f8008000 131705       3       org.openjdk.tools.javac.code.Type$ClassType::<init> (11 bytes)
Event: 15922.847 Thread 0x00007fe8f8008000 nmethod 131705 0x000000011c220110 code [0x000000011c220280, 0x000000011c220408]
Event: 15922.847 Thread 0x00007fe8f8008000 131732       3       com.google.common.collect.ImmutableList::construct (8 bytes)
Event: 15922.847 Thread 0x00007fe8f8008000 nmethod 131732 0x000000011c21f9d0 code [0x000000011c21fb80, 0x000000011c21fef8]
Event: 15922.848 Thread 0x00007fe8f8008000 131733       3       com.google.common.collect.ObjectArrays::checkElementsNotNull (7 bytes)

GC Heap History (10 events):
Event: 15915.435 GC heap after
Heap after GC invocations=340 (full 24):
 PSYoungGen      total 387072K, used 54422K [0x00000007a0000000, 0x00000007bee80000, 0x00000007c0000000)
  eden space 281088K, 0% used [0x00000007a0000000,0x00000007a0000000,0x00000007b1280000)
  from space 105984K, 51% used [0x00000007b8700000,0x00000007bbc25b68,0x00000007bee80000)
  to   space 112640K, 0% used [0x00000007b1280000,0x00000007b1280000,0x00000007b8080000)
 ParOldGen       total 675840K, used 476610K [0x0000000760000000, 0x0000000789400000, 0x00000007a0000000)
  object space 675840K, 70% used [0x0000000760000000,0x000000077d170810,0x0000000789400000)
 Metaspace       used 321302K, capacity 337113K, committed 471700K, reserved 1435648K
  class space    used 40974K, capacity 44279K, committed 85692K, reserved 1048576K
}
Event: 15916.233 GC heap before
{Heap before GC invocations=341 (full 24):
 PSYoungGen      total 387072K, used 335510K [0x00000007a0000000, 0x00000007bee80000, 0x00000007c0000000)
  eden space 281088K, 100% used [0x00000007a0000000,0x00000007b1280000,0x00000007b1280000)
  from space 105984K, 51% used [0x00000007b8700000,0x00000007bbc25b68,0x00000007bee80000)
  to   space 112640K, 0% used [0x00000007b1280000,0x00000007b1280000,0x00000007b8080000)
 ParOldGen       total 675840K, used 476610K [0x0000000760000000, 0x0000000789400000, 0x00000007a0000000)
  object space 675840K, 70% used [0x0000000760000000,0x000000077d170810,0x0000000789400000)
 Metaspace       used 328937K, capacity 344887K, committed 471700K, reserved 1435648K
  class space    used 41921K, capacity 45286K, committed 85692K, reserved 1048576K
Event: 15916.292 GC heap after
Heap after GC invocations=341 (full 24):
 PSYoungGen      total 393728K, used 51500K [0x00000007a0000000, 0x00000007bfc80000, 0x00000007c0000000)
  eden space 281088K, 0% used [0x00000007a0000000,0x00000007a0000000,0x00000007b1280000)
  from space 112640K, 45% used [0x00000007b1280000,0x00000007b44cb150,0x00000007b8080000)
  to   space 107520K, 0% used [0x00000007b9380000,0x00000007b9380000,0x00000007bfc80000)
 ParOldGen       total 675840K, used 518554K [0x0000000760000000, 0x0000000789400000, 0x00000007a0000000)
  object space 675840K, 76% used [0x0000000760000000,0x000000077fa66a58,0x0000000789400000)
 Metaspace       used 328937K, capacity 344887K, committed 471700K, reserved 1435648K
  class space    used 41921K, capacity 45286K, committed 85692K, reserved 1048576K
}
Event: 15917.825 GC heap before
{Heap before GC invocations=342 (full 24):
 PSYoungGen      total 393728K, used 332588K [0x00000007a0000000, 0x00000007bfc80000, 0x00000007c0000000)
  eden space 281088K, 100% used [0x00000007a0000000,0x00000007b1280000,0x00000007b1280000)
  from space 112640K, 45% used [0x00000007b1280000,0x00000007b44cb150,0x00000007b8080000)
  to   space 107520K, 0% used [0x00000007b9380000,0x00000007b9380000,0x00000007bfc80000)
 ParOldGen       total 675840K, used 518554K [0x0000000760000000, 0x0000000789400000, 0x00000007a0000000)
  object space 675840K, 76% used [0x0000000760000000,0x000000077fa66a58,0x0000000789400000)
 Metaspace       used 351985K, capacity 368829K, committed 471700K, reserved 1435648K
  class space    used 45102K, capacity 48649K, committed 85692K, reserved 1048576K
Event: 15917.873 GC heap after
Heap after GC invocations=342 (full 24):
 PSYoungGen      total 400896K, used 51351K [0x00000007a0000000, 0x00000007bf200000, 0x00000007c0000000)
  eden space 304128K, 0% used [0x00000007a0000000,0x00000007a0000000,0x00000007b2900000)
  from space 96768K, 53% used [0x00000007b9380000,0x00000007bc5a5e60,0x00000007bf200000)
  to   space 102912K, 0% used [0x00000007b2900000,0x00000007b2900000,0x00000007b8d80000)
 ParOldGen       total 675840K, used 555239K [0x0000000760000000, 0x0000000789400000, 0x00000007a0000000)
  object space 675840K, 82% used [0x0000000760000000,0x0000000781e39e78,0x0000000789400000)
 Metaspace       used 351985K, capacity 368829K, committed 471700K, reserved 1435648K
  class space    used 45102K, capacity 48649K, committed 85692K, reserved 1048576K
}
Event: 15921.068 GC heap before
{Heap before GC invocations=343 (full 24):
 PSYoungGen      total 400896K, used 355479K [0x00000007a0000000, 0x00000007bf200000, 0x00000007c0000000)
  eden space 304128K, 100% used [0x00000007a0000000,0x00000007b2900000,0x00000007b2900000)
  from space 96768K, 53% used [0x00000007b9380000,0x00000007bc5a5e60,0x00000007bf200000)
  to   space 102912K, 0% used [0x00000007b2900000,0x00000007b2900000,0x00000007b8d80000)
 ParOldGen       total 675840K, used 555239K [0x0000000760000000, 0x0000000789400000, 0x00000007a0000000)
  object space 675840K, 82% used [0x0000000760000000,0x0000000781e39e78,0x0000000789400000)
 Metaspace       used 364950K, capacity 383159K, committed 471700K, reserved 1435648K
  class space    used 46981K, capacity 50784K, committed 85692K, reserved 1048576K
Event: 15921.510 GC heap after
Heap after GC invocations=343 (full 24):
 PSYoungGen      total 407040K, used 102891K [0x00000007a0000000, 0x00000007c0000000, 0x00000007c0000000)
  eden space 304128K, 0% used [0x00000007a0000000,0x00000007a0000000,0x00000007b2900000)
  from space 102912K, 99% used [0x00000007b2900000,0x00000007b8d7ad60,0x00000007b8d80000)
  to   space 117248K, 0% used [0x00000007b8d80000,0x00000007b8d80000,0x00000007c0000000)
 ParOldGen       total 675840K, used 593977K [0x0000000760000000, 0x0000000789400000, 0x00000007a0000000)
  object space 675840K, 87% used [0x0000000760000000,0x000000078440e7c8,0x0000000789400000)
 Metaspace       used 364950K, capacity 383159K, committed 471700K, reserved 1435648K
  class space    used 46981K, capacity 50784K, committed 85692K, reserved 1048576K
}
Event: 15922.849 GC heap before
{Heap before GC invocations=344 (full 24):
 PSYoungGen      total 407040K, used 407019K [0x00000007a0000000, 0x00000007c0000000, 0x00000007c0000000)
  eden space 304128K, 100% used [0x00000007a0000000,0x00000007b2900000,0x00000007b2900000)
  from space 102912K, 99% used [0x00000007b2900000,0x00000007b8d7ad60,0x00000007b8d80000)
  to   space 117248K, 0% used [0x00000007b8d80000,0x00000007b8d80000,0x00000007c0000000)
 ParOldGen       total 675840K, used 593977K [0x0000000760000000, 0x0000000789400000, 0x00000007a0000000)
  object space 675840K, 87% used [0x0000000760000000,0x000000078440e7c8,0x0000000789400000)
 Metaspace       used 371748K, capacity 390305K, committed 471700K, reserved 1435648K
  class space    used 47897K, capacity 51751K, committed 85692K, reserved 1048576K
Event: 15923.208 GC heap after
Heap after GC invocations=344 (full 24):
 PSYoungGen      total 387584K, used 72131K [0x00000007a0000000, 0x00000007c0000000, 0x00000007c0000000)
  eden space 270336K, 0% used [0x00000007a0000000,0x00000007a0000000,0x00000007b0800000)
  from space 117248K, 61% used [0x00000007b8d80000,0x00000007bd3f0ee0,0x00000007c0000000)
  to   space 126976K, 0% used [0x00000007b0800000,0x00000007b0800000,0x00000007b8400000)
 ParOldGen       total 688640K, used 688144K [0x0000000760000000, 0x000000078a080000, 0x00000007a0000000)
  object space 688640K, 99% used [0x0000000760000000,0x000000078a0041d8,0x000000078a080000)
 Metaspace       used 371748K, capacity 390305K, committed 471700K, reserved 1435648K
  class space    used 47897K, capacity 51751K, committed 85692K, reserved 1048576K
}
Event: 15923.208 GC heap before
{Heap before GC invocations=345 (full 25):
 PSYoungGen      total 387584K, used 72131K [0x00000007a0000000, 0x00000007c0000000, 0x00000007c0000000)
  eden space 270336K, 0% used [0x00000007a0000000,0x00000007a0000000,0x00000007b0800000)
  from space 117248K, 61% used [0x00000007b8d80000,0x00000007bd3f0ee0,0x00000007c0000000)
  to   space 126976K, 0% used [0x00000007b0800000,0x00000007b0800000,0x00000007b8400000)
 ParOldGen       total 688640K, used 688144K [0x0000000760000000, 0x000000078a080000, 0x00000007a0000000)
  object space 688640K, 99% used [0x0000000760000000,0x000000078a0041d8,0x000000078a080000)
 Metaspace       used 371748K, capacity 390305K, committed 471700K, reserved 1435648K
  class space    used 47897K, capacity 51751K, committed 85692K, reserved 1048576K

Deoptimization events (10 events):
Event: 15922.142 Thread 0x00007fe8f7efa800 Uncommon trap: reason=class_check action=maybe_recompile pc=0x000000011851b65c method=com.google.common.collect.AbstractMapBasedMultimap$WrappedCollection.refreshIfEmpty()V @ 40
Event: 15922.145 Thread 0x00007fe8f7efa800 Uncommon trap: reason=bimorphic action=maybe_recompile pc=0x00000001172f2564 method=com.google.common.collect.ImmutableSet$RegularSetBuilderImpl.add(Ljava/lang/Object;)Lcom/google/common/collect/ImmutableSet$SetBuilderImpl; @ 95
Event: 15922.147 Thread 0x00007fe8f7efa800 Uncommon trap: reason=bimorphic action=maybe_recompile pc=0x00000001172f2564 method=com.google.common.collect.ImmutableSet$RegularSetBuilderImpl.add(Ljava/lang/Object;)Lcom/google/common/collect/ImmutableSet$SetBuilderImpl; @ 95
Event: 15922.263 Thread 0x00007fe8f7efa800 Uncommon trap: reason=unstable_if action=reinterpret pc=0x000000011a65f4a0 method=com.google.common.collect.RegularImmutableMap.get(Ljava/lang/Object;[Lcom/google/common/collect/ImmutableMapEntry;I)Ljava/lang/Object; @ 5
Event: 15922.552 Thread 0x00007fe8fa55e000 Uncommon trap: reason=unstable_if action=reinterpret pc=0x000000011ed44e68 method=android.databinding.tool.reflection.SdkUtil$ApiChecker.buildFullLookup()V @ 49
Event: 15922.618 Thread 0x00007fe8f7efa800 Uncommon trap: reason=unhandled action=reinterpret pc=0x0000000116a9f7bc method=java.lang.invoke.CallSite.<init>(Ljava/lang/invoke/MethodHandle;)V @ 11
Event: 15922.764 Thread 0x00007fe8f7efa800 Uncommon trap: reason=bimorphic action=maybe_recompile pc=0x0000000114ca8830 method=com.google.common.collect.ImmutableSet.copyOf(Ljava/util/Iterator;)Lcom/google/common/collect/ImmutableSet; @ 14
Event: 15922.764 Thread 0x00007fe8f7efa800 Uncommon trap: reason=bimorphic action=maybe_recompile pc=0x0000000114ca8830 method=com.google.common.collect.ImmutableSet.copyOf(Ljava/util/Iterator;)Lcom/google/common/collect/ImmutableSet; @ 14
Event: 15922.764 Thread 0x00007fe8f7efa800 Uncommon trap: reason=bimorphic action=maybe_recompile pc=0x0000000114ca8830 method=com.google.common.collect.ImmutableSet.copyOf(Ljava/util/Iterator;)Lcom/google/common/collect/ImmutableSet; @ 14
Event: 15922.764 Thread 0x00007fe8f7efa800 Uncommon trap: reason=bimorphic action=maybe_recompile pc=0x0000000114ca8830 method=com.google.common.collect.ImmutableSet.copyOf(Ljava/util/Iterator;)Lcom/google/common/collect/ImmutableSet; @ 14

Classes redefined (0 events):
No events

Internal exceptions (10 events):
Event: 15919.389 Thread 0x00007fe8fe0d5800 Exception <a 'java/lang/NoClassDefFoundError': Lcom/google/gson/internal/LinkedTreeMap$KeySet;> (0x00000007aa3223f0) thrown at [/Volumes/android/AOSP-openjdk-git/jdk8u/hotspot/src/share/vm/classfile/systemDictionary.cpp, line 199]
Event: 15919.391 Thread 0x00007fe8fe0d5800 Exception <a 'java/lang/NoClassDefFoundError': Landroid/databinding/tool/expr/Expr$Node;> (0x00000007aa331f18) thrown at [/Volumes/android/AOSP-openjdk-git/jdk8u/hotspot/src/share/vm/classfile/systemDictionary.cpp, line 199]
Event: 15919.393 Thread 0x00007fe8fe0d5800 Exception <a 'java/lang/NoClassDefFoundError': Landroid/databinding/tool/expr/BracketExpr$BracketAccessor;> (0x00000007aa3364c0) thrown at [/Volumes/android/AOSP-openjdk-git/jdk8u/hotspot/src/share/vm/classfile/systemDictionary.cpp, line 199]
Event: 15919.394 Thread 0x00007fe8fe0d5800 Exception <a 'java/lang/NoClassDefFoundError': Landroid/databinding/tool/InverseBinding;> (0x00000007aa3393a0) thrown at [/Volumes/android/AOSP-openjdk-git/jdk8u/hotspot/src/share/vm/classfile/systemDictionary.cpp, line 199]
Event: 15919.398 Thread 0x00007fe8fe0d5800 Exception <a 'java/lang/NoClassDefFoundError': Lorg/antlr/v4/runtime/Parser$TraceListener;> (0x00000007aa355418) thrown at [/Volumes/android/AOSP-openjdk-git/jdk8u/hotspot/src/share/vm/classfile/systemDictionary.cpp, line 199]
Event: 15919.399 Thread 0x00007fe8fe0d5800 Exception <a 'java/lang/NoClassDefFoundError': [Lorg/antlr/v4/runtime/atn/DecisionInfo;> (0x00000007aa35caa8) thrown at [/Volumes/android/AOSP-openjdk-git/jdk8u/hotspot/src/share/vm/classfile/systemDictionary.cpp, line 199]
Event: 15919.484 Thread 0x00007fe8fa0c2800 Exception <a 'java/lang/InterruptedException'> (0x00000007aaf023c0) thrown at [/Volumes/android/AOSP-openjdk-git/jdk8u/hotspot/src/share/vm/runtime/objectMonitor.cpp, line 1684]
Event: 15921.555 Thread 0x00007fe8fa55e000 Exception <a 'java/lang/ClassNotFoundException': com/sun/org/glassfish/hk2/osgiresourcelocator/ServiceLoader> (0x00000007a03c2510) thrown at [/Volumes/android/AOSP-openjdk-git/jdk8u/hotspot/src/share/vm/classfile/systemDictionary.cpp, line 210]
Event: 15921.580 Thread 0x00007fe8f5e18800 Exception <a 'java/lang/ClassNotFoundException': com/sun/org/glassfish/hk2/osgiresourcelocator/ServiceLoader> (0x00000007a069f1f0) thrown at [/Volumes/android/AOSP-openjdk-git/jdk8u/hotspot/src/share/vm/classfile/systemDictionary.cpp, line 210]
Event: 15922.263 Thread 0x00007fe8f7efa800 Implicit null exception at 0x000000011a65f2bb to 0x000000011a65f495

Events (10 events):
Event: 15922.771 loading class dagger/internal/codegen/ComponentDescriptor$BuilderRequirementMethod done
Event: 15922.771 loading class dagger/internal/codegen/ComponentRequirement
Event: 15922.771 loading class dagger/internal/codegen/ComponentRequirement done
Event: 15922.771 loading class dagger/internal/codegen/ComponentRequirement
Event: 15922.771 loading class dagger/internal/codegen/ComponentRequirement done
Event: 15922.771 loading class com/google/common/collect/ImmutableSet$Builder
Event: 15922.771 loading class com/google/common/collect/ImmutableSet$Builder done
Event: 15922.811 Thread 0x00007fe8f5e18800 DEOPT PACKING pc=0x0000000116066872 sp=0x000070000dbf4f10
Event: 15922.811 Thread 0x00007fe8f5e18800 DEOPT UNPACKING pc=0x0000000113f054c4 sp=0x000070000dbf4cd0 mode 0
Event: 15922.848 Executing VM operation: ParallelGCFailedAllocation


Dynamic libraries:
0x000000000b739000 	/System/Library/Frameworks/Cocoa.framework/Versions/A/Cocoa
0x000000000b739000 	/System/Library/Frameworks/Security.framework/Versions/A/Security
0x000000000b739000 	/System/Library/Frameworks/ApplicationServices.framework/Versions/A/ApplicationServices
0x000000000b739000 	/usr/lib/libz.1.dylib
0x000000000b739000 	/usr/lib/libSystem.B.dylib
0x000000000b739000 	/System/Library/Frameworks/CoreFoundation.framework/Versions/A/CoreFoundation
0x000000000b739000 	/System/Library/Frameworks/Foundation.framework/Versions/C/Foundation
0x000000000b739000 	/usr/lib/libobjc.A.dylib
0x000000000b739000 	/System/Library/Frameworks/AppKit.framework/Versions/C/AppKit
0x000000000b739000 	/System/Library/Frameworks/CoreData.framework/Versions/A/CoreData
0x000000000b739000 	/System/Library/PrivateFrameworks/RemoteViewServices.framework/Versions/A/RemoteViewServices
0x000000000b739000 	/System/Library/PrivateFrameworks/UIFoundation.framework/Versions/A/UIFoundation
0x000000000b739000 	/System/Library/PrivateFrameworks/DFRFoundation.framework/Versions/A/DFRFoundation
0x000000000b739000 	/System/Library/Frameworks/Metal.framework/Versions/A/Metal
0x000000000b739000 	/System/Library/PrivateFrameworks/DesktopServicesPriv.framework/Versions/A/DesktopServicesPriv
0x000000000b739000 	/usr/lib/libenergytrace.dylib
0x000000000b739000 	/System/Library/PrivateFrameworks/SkyLight.framework/Versions/A/SkyLight
0x000000000b739000 	/System/Library/Frameworks/CoreGraphics.framework/Versions/A/CoreGraphics
0x000000000b739000 	/usr/lib/libScreenReader.dylib
0x000000000b739000 	/System/Library/Frameworks/Accelerate.framework/Versions/A/Accelerate
0x000000000b739000 	/System/Library/Frameworks/IOSurface.framework/Versions/A/IOSurface
0x000000000b739000 	/System/Library/Frameworks/AudioToolbox.framework/Versions/A/AudioToolbox
0x000000000b739000 	/System/Library/Frameworks/AudioUnit.framework/Versions/A/AudioUnit
0x000000000b739000 	/System/Library/PrivateFrameworks/DataDetectorsCore.framework/Versions/A/DataDetectorsCore
0x000000000b739000 	/System/Library/Frameworks/Carbon.framework/Versions/A/Frameworks/HIToolbox.framework/Versions/A/HIToolbox
0x000000000b739000 	/usr/lib/libicucore.A.dylib
0x000000000b739000 	/System/Library/Frameworks/QuartzCore.framework/Versions/A/QuartzCore
0x000000000b739000 	/System/Library/PrivateFrameworks/SignpostNotification.framework/Versions/A/SignpostNotification
0x000000000b739000 	/System/Library/Frameworks/Carbon.framework/Versions/A/Frameworks/SpeechRecognition.framework/Versions/A/SpeechRecognition
0x000000000b739000 	/usr/lib/libauto.dylib
0x000000000b739000 	/usr/lib/libxml2.2.dylib
0x000000000b739000 	/System/Library/PrivateFrameworks/CoreUI.framework/Versions/A/CoreUI
0x000000000b739000 	/System/Library/Frameworks/CoreAudio.framework/Versions/A/CoreAudio
0x000000000b739000 	/System/Library/Frameworks/DiskArbitration.framework/Versions/A/DiskArbitration
0x000000000b739000 	/usr/lib/liblangid.dylib
0x000000000b739000 	/System/Library/PrivateFrameworks/MultitouchSupport.framework/Versions/A/MultitouchSupport
0x000000000b739000 	/System/Library/Frameworks/IOKit.framework/Versions/A/IOKit
0x000000000b739000 	/usr/lib/libDiagnosticMessagesClient.dylib
0x000000000b739000 	/System/Library/Frameworks/CoreServices.framework/Versions/A/CoreServices
0x000000000b739000 	/System/Library/PrivateFrameworks/PerformanceAnalysis.framework/Versions/A/PerformanceAnalysis
0x000000000b739000 	/System/Library/Frameworks/OpenGL.framework/Versions/A/OpenGL
0x000000000b739000 	/System/Library/Frameworks/ColorSync.framework/Versions/A/ColorSync
0x000000000b739000 	/System/Library/Frameworks/CoreImage.framework/Versions/A/CoreImage
0x000000000b739000 	/System/Library/Frameworks/CoreText.framework/Versions/A/CoreText
0x000000000b739000 	/System/Library/Frameworks/ImageIO.framework/Versions/A/ImageIO
0x000000000b739000 	/System/Library/PrivateFrameworks/Backup.framework/Versions/A/Backup
0x000000000b739000 	/usr/lib/libarchive.2.dylib
0x000000000b739000 	/System/Library/Frameworks/CFNetwork.framework/Versions/A/CFNetwork
0x000000000b739000 	/System/Library/Frameworks/SystemConfiguration.framework/Versions/A/SystemConfiguration
0x000000000b739000 	/usr/lib/libCRFSuite.dylib
0x000000000b739000 	/usr/lib/libc++.1.dylib
0x000000000b739000 	/usr/lib/libc++abi.dylib
0x000000000b739000 	/usr/lib/system/libcache.dylib
0x000000000b739000 	/usr/lib/system/libcommonCrypto.dylib
0x000000000b739000 	/usr/lib/system/libcompiler_rt.dylib
0x000000000b739000 	/usr/lib/system/libcopyfile.dylib
0x000000000b739000 	/usr/lib/system/libcorecrypto.dylib
0x000000000b739000 	/usr/lib/system/libdispatch.dylib
0x000000000b739000 	/usr/lib/system/libdyld.dylib
0x000000000b739000 	/usr/lib/system/libkeymgr.dylib
0x000000000b739000 	/usr/lib/system/liblaunch.dylib
0x000000000b739000 	/usr/lib/system/libmacho.dylib
0x000000000b739000 	/usr/lib/system/libquarantine.dylib
0x000000000b739000 	/usr/lib/system/libremovefile.dylib
0x000000000b739000 	/usr/lib/system/libsystem_asl.dylib
0x000000000b739000 	/usr/lib/system/libsystem_blocks.dylib
0x000000000b739000 	/usr/lib/system/libsystem_c.dylib
0x000000000b739000 	/usr/lib/system/libsystem_configuration.dylib
0x000000000b739000 	/usr/lib/system/libsystem_coreservices.dylib
0x000000000b739000 	/usr/lib/system/libsystem_darwin.dylib
0x000000000b739000 	/usr/lib/system/libsystem_dnssd.dylib
0x000000000b739000 	/usr/lib/system/libsystem_info.dylib
0x000000000b739000 	/usr/lib/system/libsystem_m.dylib
0x000000000b739000 	/usr/lib/system/libsystem_malloc.dylib
0x000000000b739000 	/usr/lib/system/libsystem_network.dylib
0x000000000b739000 	/usr/lib/system/libsystem_networkextension.dylib
0x000000000b739000 	/usr/lib/system/libsystem_notify.dylib
0x000000000b739000 	/usr/lib/system/libsystem_sandbox.dylib
0x000000000b739000 	/usr/lib/system/libsystem_secinit.dylib
0x000000000b739000 	/usr/lib/system/libsystem_kernel.dylib
0x000000000b739000 	/usr/lib/system/libsystem_platform.dylib
0x000000000b739000 	/usr/lib/system/libsystem_pthread.dylib
0x000000000b739000 	/usr/lib/system/libsystem_symptoms.dylib
0x000000000b739000 	/usr/lib/system/libsystem_trace.dylib
0x000000000b739000 	/usr/lib/system/libunwind.dylib
0x000000000b739000 	/usr/lib/system/libxpc.dylib
0x000000000b739000 	/usr/lib/closure/libclosured.dylib
0x000000000b739000 	/usr/lib/libbsm.0.dylib
0x000000000b739000 	/usr/lib/system/libkxld.dylib
0x000000000b739000 	/usr/lib/libOpenScriptingUtil.dylib
0x000000000b739000 	/usr/lib/libcoretls.dylib
0x000000000b739000 	/usr/lib/libcoretls_cfhelpers.dylib
0x000000000b739000 	/usr/lib/libpam.2.dylib
0x000000000b739000 	/usr/lib/libsqlite3.dylib
0x000000000b739000 	/usr/lib/libxar.1.dylib
0x000000000b739000 	/usr/lib/libbz2.1.0.dylib
0x000000000b739000 	/usr/lib/liblzma.5.dylib
0x000000000b739000 	/usr/lib/libnetwork.dylib
0x000000000b739000 	/usr/lib/libapple_nghttp2.dylib
0x000000000b739000 	/usr/lib/libpcap.A.dylib
0x000000000b739000 	/usr/lib/libboringssl.dylib
0x000000000b739000 	/usr/lib/libusrtcp.dylib
0x000000000b739000 	/usr/lib/libapple_crypto.dylib
0x000000000b739000 	/System/Library/Frameworks/CoreServices.framework/Versions/A/Frameworks/FSEvents.framework/Versions/A/FSEvents
0x000000000b739000 	/System/Library/Frameworks/CoreServices.framework/Versions/A/Frameworks/CarbonCore.framework/Versions/A/CarbonCore
0x000000000b739000 	/System/Library/Frameworks/CoreServices.framework/Versions/A/Frameworks/Metadata.framework/Versions/A/Metadata
0x000000000b739000 	/System/Library/Frameworks/CoreServices.framework/Versions/A/Frameworks/OSServices.framework/Versions/A/OSServices
0x000000000b739000 	/System/Library/Frameworks/CoreServices.framework/Versions/A/Frameworks/SearchKit.framework/Versions/A/SearchKit
0x000000000b739000 	/System/Library/Frameworks/CoreServices.framework/Versions/A/Frameworks/AE.framework/Versions/A/AE
0x000000000b739000 	/System/Library/Frameworks/CoreServices.framework/Versions/A/Frameworks/LaunchServices.framework/Versions/A/LaunchServices
0x000000000b739000 	/System/Library/Frameworks/CoreServices.framework/Versions/A/Frameworks/DictionaryServices.framework/Versions/A/DictionaryServices
0x000000000b739000 	/System/Library/Frameworks/CoreServices.framework/Versions/A/Frameworks/SharedFileList.framework/Versions/A/SharedFileList
0x000000000b739000 	/System/Library/Frameworks/NetFS.framework/Versions/A/NetFS
0x000000000b739000 	/System/Library/PrivateFrameworks/NetAuth.framework/Versions/A/NetAuth
0x000000000b739000 	/System/Library/PrivateFrameworks/login.framework/Versions/A/Frameworks/loginsupport.framework/Versions/A/loginsupport
0x000000000b739000 	/System/Library/PrivateFrameworks/TCC.framework/Versions/A/TCC
0x000000000b739000 	/usr/lib/libmecabra.dylib
0x000000000b739000 	/System/Library/Frameworks/ApplicationServices.framework/Versions/A/Frameworks/ATS.framework/Versions/A/ATS
0x000000000b739000 	/System/Library/Frameworks/ApplicationServices.framework/Versions/A/Frameworks/ColorSyncLegacy.framework/Versions/A/ColorSyncLegacy
0x000000000b739000 	/System/Library/Frameworks/ApplicationServices.framework/Versions/A/Frameworks/HIServices.framework/Versions/A/HIServices
0x000000000b739000 	/System/Library/Frameworks/ApplicationServices.framework/Versions/A/Frameworks/LangAnalysis.framework/Versions/A/LangAnalysis
0x000000000b739000 	/System/Library/Frameworks/ApplicationServices.framework/Versions/A/Frameworks/PrintCore.framework/Versions/A/PrintCore
0x000000000b739000 	/System/Library/Frameworks/ApplicationServices.framework/Versions/A/Frameworks/QD.framework/Versions/A/QD
0x000000000b739000 	/System/Library/Frameworks/ApplicationServices.framework/Versions/A/Frameworks/SpeechSynthesis.framework/Versions/A/SpeechSynthesis
0x000000000b739000 	/System/Library/Frameworks/CoreDisplay.framework/Versions/A/CoreDisplay
0x000000000b739000 	/System/Library/Frameworks/Accelerate.framework/Versions/A/Frameworks/vImage.framework/Versions/A/vImage
0x000000000b739000 	/System/Library/Frameworks/Accelerate.framework/Versions/A/Frameworks/vecLib.framework/Versions/A/vecLib
0x000000000b739000 	/System/Library/Frameworks/Accelerate.framework/Versions/A/Frameworks/vecLib.framework/Versions/A/libvDSP.dylib
0x000000000b739000 	/System/Library/Frameworks/Accelerate.framework/Versions/A/Frameworks/vecLib.framework/Versions/A/libBNNS.dylib
0x000000000b739000 	/System/Library/Frameworks/Accelerate.framework/Versions/A/Frameworks/vecLib.framework/Versions/A/libQuadrature.dylib
0x000000000b739000 	/System/Library/Frameworks/Accelerate.framework/Versions/A/Frameworks/vecLib.framework/Versions/A/libvMisc.dylib
0x000000000b739000 	/System/Library/Frameworks/Accelerate.framework/Versions/A/Frameworks/vecLib.framework/Versions/A/libLAPACK.dylib
0x000000000b739000 	/System/Library/Frameworks/Accelerate.framework/Versions/A/Frameworks/vecLib.framework/Versions/A/libBLAS.dylib
0x000000000b739000 	/System/Library/Frameworks/Accelerate.framework/Versions/A/Frameworks/vecLib.framework/Versions/A/libLinearAlgebra.dylib
0x000000000b739000 	/System/Library/Frameworks/Accelerate.framework/Versions/A/Frameworks/vecLib.framework/Versions/A/libSparse.dylib
0x000000000b739000 	/System/Library/Frameworks/Accelerate.framework/Versions/A/Frameworks/vecLib.framework/Versions/A/libSparseBLAS.dylib
0x000000000b739000 	/System/Library/PrivateFrameworks/GPUWrangler.framework/Versions/A/GPUWrangler
0x000000000b739000 	/System/Library/PrivateFrameworks/IOAccelerator.framework/Versions/A/IOAccelerator
0x000000000b739000 	/System/Library/PrivateFrameworks/IOPresentment.framework/Versions/A/IOPresentment
0x000000000b739000 	/System/Library/PrivateFrameworks/DSExternalDisplay.framework/Versions/A/DSExternalDisplay
0x000000000b739000 	/System/Library/Frameworks/OpenGL.framework/Versions/A/Libraries/libCoreFSCache.dylib
0x000000000b739000 	/System/Library/Frameworks/CoreVideo.framework/Versions/A/CoreVideo
0x000000000b739000 	/System/Library/PrivateFrameworks/GraphVisualizer.framework/Versions/A/GraphVisualizer
0x000000000b739000 	/System/Library/Frameworks/MetalPerformanceShaders.framework/Versions/A/MetalPerformanceShaders
0x000000000b739000 	/usr/lib/libFosl_dynamic.dylib
0x000000000b739000 	/System/Library/PrivateFrameworks/FaceCore.framework/Versions/A/FaceCore
0x000000000b739000 	/System/Library/Frameworks/OpenCL.framework/Versions/A/OpenCL
0x000000000b739000 	/usr/lib/libcompression.dylib
0x000000000b739000 	/System/Library/Frameworks/ApplicationServices.framework/Versions/A/Frameworks/ATS.framework/Versions/A/Resources/libFontParser.dylib
0x000000000b739000 	/System/Library/Frameworks/ApplicationServices.framework/Versions/A/Frameworks/ATS.framework/Versions/A/Resources/libFontRegistry.dylib
0x000000000b739000 	/System/Library/Frameworks/ImageIO.framework/Versions/A/Resources/libJPEG.dylib
0x000000000b739000 	/System/Library/Frameworks/ImageIO.framework/Versions/A/Resources/libTIFF.dylib
0x000000000b739000 	/System/Library/Frameworks/ImageIO.framework/Versions/A/Resources/libPng.dylib
0x000000000b739000 	/System/Library/Frameworks/ImageIO.framework/Versions/A/Resources/libGIF.dylib
0x000000000b739000 	/System/Library/Frameworks/ImageIO.framework/Versions/A/Resources/libJP2.dylib
0x000000000b739000 	/System/Library/Frameworks/ImageIO.framework/Versions/A/Resources/libRadiance.dylib
0x000000000b739000 	/System/Library/PrivateFrameworks/AppleJPEG.framework/Versions/A/AppleJPEG
0x000000000b739000 	/System/Library/Frameworks/MetalPerformanceShaders.framework/Frameworks/MPSCore.framework/Versions/A/MPSCore
0x000000000b739000 	/System/Library/Frameworks/MetalPerformanceShaders.framework/Frameworks/MPSImage.framework/Versions/A/MPSImage
0x000000000b739000 	/System/Library/Frameworks/MetalPerformanceShaders.framework/Frameworks/MPSNeuralNetwork.framework/Versions/A/MPSNeuralNetwork
0x000000000b739000 	/System/Library/Frameworks/MetalPerformanceShaders.framework/Frameworks/MPSMatrix.framework/Versions/A/MPSMatrix
0x000000000b739000 	/System/Library/PrivateFrameworks/MetalTools.framework/Versions/A/MetalTools
0x000000000b739000 	/System/Library/Frameworks/OpenGL.framework/Versions/A/Libraries/libGLU.dylib
0x000000000b739000 	/System/Library/Frameworks/OpenGL.framework/Versions/A/Libraries/libGFXShared.dylib
0x000000000b739000 	/System/Library/Frameworks/OpenGL.framework/Versions/A/Libraries/libGL.dylib
0x000000000b739000 	/System/Library/Frameworks/OpenGL.framework/Versions/A/Libraries/libGLImage.dylib
0x000000000b739000 	/System/Library/Frameworks/OpenGL.framework/Versions/A/Libraries/libCVMSPluginSupport.dylib
0x000000000b739000 	/System/Library/Frameworks/OpenGL.framework/Versions/A/Libraries/libCoreVMClient.dylib
0x000000000b739000 	/usr/lib/libcups.2.dylib
0x000000000b739000 	/System/Library/Frameworks/Kerberos.framework/Versions/A/Kerberos
0x000000000b739000 	/System/Library/Frameworks/GSS.framework/Versions/A/GSS
0x000000000b739000 	/usr/lib/libresolv.9.dylib
0x000000000b739000 	/usr/lib/libiconv.2.dylib
0x000000000b739000 	/System/Library/PrivateFrameworks/Heimdal.framework/Versions/A/Heimdal
0x000000000b739000 	/usr/lib/libheimdal-asn1.dylib
0x000000000b739000 	/System/Library/Frameworks/OpenDirectory.framework/Versions/A/OpenDirectory
0x000000000b739000 	/System/Library/PrivateFrameworks/CommonAuth.framework/Versions/A/CommonAuth
0x000000000b739000 	/System/Library/Frameworks/OpenDirectory.framework/Versions/A/Frameworks/CFOpenDirectory.framework/Versions/A/CFOpenDirectory
0x000000000b739000 	/System/Library/Frameworks/SecurityFoundation.framework/Versions/A/SecurityFoundation
0x000000000b739000 	/System/Library/PrivateFrameworks/APFS.framework/Versions/A/APFS
0x000000000b739000 	/usr/lib/libutil.dylib
0x000000000b739000 	/System/Library/PrivateFrameworks/AppleSauce.framework/Versions/A/AppleSauce
0x000000000b739000 	/System/Library/PrivateFrameworks/LinguisticData.framework/Versions/A/LinguisticData
0x000000000b739000 	/usr/lib/libmarisa.dylib
0x000000000b739000 	/System/Library/PrivateFrameworks/Lexicon.framework/Versions/A/Lexicon
0x000000000b739000 	/usr/lib/libChineseTokenizer.dylib
0x000000000b739000 	/usr/lib/libcmph.dylib
0x000000000b739000 	/System/Library/PrivateFrameworks/LanguageModeling.framework/Versions/A/LanguageModeling
0x000000000b739000 	/System/Library/PrivateFrameworks/CoreEmoji.framework/Versions/A/CoreEmoji
0x000000000b739000 	/System/Library/Frameworks/ServiceManagement.framework/Versions/A/ServiceManagement
0x000000000b739000 	/System/Library/PrivateFrameworks/BackgroundTaskManagement.framework/Versions/A/BackgroundTaskManagement
0x000000000b739000 	/usr/lib/libxslt.1.dylib
0x000000000b739000 	/System/Library/Frameworks/Carbon.framework/Versions/A/Frameworks/Ink.framework/Versions/A/Ink
0x000000000b739000 	/System/Library/PrivateFrameworks/TextureIO.framework/Versions/A/TextureIO
0x000000000b739000 	/usr/lib/libate.dylib
0x000000000b739000 	/System/Library/PrivateFrameworks/CrashReporterSupport.framework/Versions/A/CrashReporterSupport
0x000000000b739000 	/System/Library/PrivateFrameworks/Sharing.framework/Versions/A/Sharing
0x000000000b739000 	/System/Library/PrivateFrameworks/IconServices.framework/Versions/A/IconServices
0x000000000b739000 	/System/Library/PrivateFrameworks/AuthKit.framework/Versions/A/AuthKit
0x000000000b739000 	/System/Library/PrivateFrameworks/Apple80211.framework/Versions/A/Apple80211
0x000000000b739000 	/System/Library/PrivateFrameworks/CoreUtils.framework/Versions/A/CoreUtils
0x000000000b739000 	/System/Library/Frameworks/CoreWLAN.framework/Versions/A/CoreWLAN
0x000000000b739000 	/System/Library/Frameworks/IOBluetooth.framework/Versions/A/IOBluetooth
0x000000000b739000 	/System/Library/PrivateFrameworks/ProtocolBuffer.framework/Versions/A/ProtocolBuffer
0x000000000b739000 	/System/Library/PrivateFrameworks/MobileKeyBag.framework/Versions/A/MobileKeyBag
0x000000000b739000 	/System/Library/PrivateFrameworks/CorePhoneNumbers.framework/Versions/A/CorePhoneNumbers
0x000000000b739000 	/System/Library/PrivateFrameworks/AppleIDAuthSupport.framework/Versions/A/AppleIDAuthSupport
0x000000000b739000 	/System/Library/PrivateFrameworks/KeychainCircle.framework/Versions/A/KeychainCircle
0x000000000b739000 	/System/Library/PrivateFrameworks/CoreWiFi.framework/Versions/A/CoreWiFi
0x000000000b739000 	/System/Library/Frameworks/CoreBluetooth.framework/Versions/A/CoreBluetooth
0x000000000b739000 	/System/Library/PrivateFrameworks/DebugSymbols.framework/Versions/A/DebugSymbols
0x000000000b739000 	/System/Library/PrivateFrameworks/CoreSymbolication.framework/Versions/A/CoreSymbolication
0x000000000b739000 	/System/Library/PrivateFrameworks/Symbolication.framework/Versions/A/Symbolication
0x000000000b739000 	/System/Library/PrivateFrameworks/AppleFSCompression.framework/Versions/A/AppleFSCompression
0x000000000b739000 	/System/Library/PrivateFrameworks/SpeechRecognitionCore.framework/Versions/A/SpeechRecognitionCore
0x0000000110200000 	/Users/florinam/Work/Coding/Android Studio 3.4 Preview.app/Contents/jre/jdk/Contents/Home/jre/lib/server/libjvm.dylib
0x000000000b739000 	/usr/lib/libstdc++.6.0.9.dylib
0x000000010f059000 	/Users/florinam/Work/Coding/Android Studio 3.4 Preview.app/Contents/jre/jdk/Contents/Home/jre/lib/libverify.dylib
0x000000010f065000 	/Users/florinam/Work/Coding/Android Studio 3.4 Preview.app/Contents/jre/jdk/Contents/Home/jre/lib/libjava.dylib
0x000000010f0e3000 	/Users/florinam/Work/Coding/Android Studio 3.4 Preview.app/Contents/jre/jdk/Contents/Home/jre/lib/libzip.dylib
0x0000000113e0c000 	/Users/florinam/Work/Coding/Android Studio 3.4 Preview.app/Contents/jre/jdk/Contents/Home/jre/lib/libmanagement.dylib
0x0000000127bcf000 	/Users/florinam/Work/Coding/Android Studio 3.4 Preview.app/Contents/jre/jdk/Contents/Home/jre/lib/libnio.dylib
0x0000000127bdf000 	/Users/florinam/Work/Coding/Android Studio 3.4 Preview.app/Contents/jre/jdk/Contents/Home/jre/lib/./libnet.dylib
0x0000000129f31000 	/private/var/folders/vn/9tbt3y_s0t3br6b662d1216m00f_4r/T/room-c7e5ac7c-370f-480c-bd98-bf6e602b6811/sqlite-3.20.1-d08acc42-b20f-4a65-83ad-3577079fad0b-libsqlitejdbc.jnilib

VM Arguments:
jvm_args: -Djava.awt.headless=true -Djava.rmi.server.hostname=127.0.0.1 -Xmx1536M -Dkotlin.environment.keepalive 
java_command: org.jetbrains.kotlin.daemon.KotlinCompileDaemon --daemon-runFilesPath /Users/florinam/Library/Application Support/kotlin/daemon --daemon-autoshutdownIdleSeconds=7200 --daemon-compilerClasspath /Users/florinam/.gradle/caches/modules-2/files-2.1/org.jetbrains.kotlin/kotlin-compiler-embeddable/1.3.20/ee2efe0fdd12b607e3ac01dd79da99a168ac85c5/kotlin-compiler-embeddable-1.3.20.jar:/Users/florinam/.gradle/caches/modules-2/files-2.1/org.jetbrains.kotlin/kotlin-reflect/1.3.20/cd49eec32cf964333faf59e04b4085eac7008477/kotlin-reflect-1.3.20.jar:/Users/florinam/.gradle/caches/modules-2/files-2.1/org.jetbrains.kotlin/kotlin-stdlib/1.3.20/eb2a232734e09fcd1b958a5c7520a93c6de38b32/kotlin-stdlib-1.3.20.jar:/Users/florinam/.gradle/caches/modules-2/files-2.1/org.jetbrains.kotlin/kotlin-script-runtime/1.3.20/312febd3c42137fcc5477e6666d6eec16631b176/kotlin-script-runtime-1.3.20.jar:/Users/florinam/.gradle/caches/modules-2/files-2.1/org.jetbrains.intellij.deps/trove4j/1.0.20181211/216c2e14b070f334479d800987affe4054cd563f/trove4j-1.0.20181211.jar:/Users/florinam/.gradle/caches/modules-2/files-2.1/org.jetbrains.kotlin/kotlin-stdlib-common/1.3.20/7d7934e26ce34da1a0a8d00e38038d7cf3375e89/kotlin-stdlib-common-1.3.20.jar:/Users/florinam/.gradle/caches/modules-2/files-2.1/org.jetbrains/annotations/13.0/919f0dfe192fb4e063e7dacadee7f8bb9a2672a9/annotations-13.0.jar:/Users/florinam/Work/Coding/Android Studio 3.4 Preview.app/Contents/jre/jdk/Contents/Home/lib/tools.jar
java_class_path (initial): /Users/florinam/.gradle/caches/modules-2/files-2.1/org.jetbrains.kotlin/kotlin-compiler-embeddable/1.3.20/ee2efe0fdd12b607e3ac01dd79da99a168ac85c5/kotlin-compiler-embeddable-1.3.20.jar:/Users/florinam/.gradle/caches/modules-2/files-2.1/org.jetbrains.kotlin/kotlin-reflect/1.3.20/cd49eec32cf964333faf59e04b4085eac7008477/kotlin-reflect-1.3.20.jar:/Users/florinam/.gradle/caches/modules-2/files-2.1/org.jetbrains.kotlin/kotlin-stdlib/1.3.20/eb2a232734e09fcd1b958a5c7520a93c6de38b32/kotlin-stdlib-1.3.20.jar:/Users/florinam/.gradle/caches/modules-2/files-2.1/org.jetbrains.kotlin/kotlin-script-runtime/1.3.20/312febd3c42137fcc5477e6666d6eec16631b176/kotlin-script-runtime-1.3.20.jar:/Users/florinam/.gradle/caches/modules-2/files-2.1/org.jetbrains.intellij.deps/trove4j/1.0.20181211/216c2e14b070f334479d800987affe4054cd563f/trove4j-1.0.20181211.jar:/Users/florinam/.gradle/caches/modules-2/files-2.1/org.jetbrains.kotlin/kotlin-stdlib-common/1.3.20/7d7934e26ce34da1a0a8d00e38038d7cf3375e89/kotlin-stdlib-common-1.3.20.jar:/Users/florinam/.gradle/caches/modules-2/files-2.1/org.jetbrains/annotations/13.0/919f0dfe192fb4e063e7dacadee7f8bb9a2672a9/annotations-13.0.jar:/Users/florinam/Work/Coding/Android Studio 3.4 Preview.app/Contents/jre/jdk/Contents/Home/lib/tools.jar
Launcher Type: SUN_STANDARD

Environment Variables:
JAVA_HOME=/Library/Java/JavaVirtualMachines/default/Contents/Home
PATH=/Users/florinam/bin:/usr/local/bin:/usr/local/git/current/bin:/usr/local/bin:/usr/bin:/bin:/usr/local/sbin:/usr/sbin:/sbin
SHELL=/bin/zsh

Signal Handlers:
SIGSEGV: [libjvm.dylib+0x570b99], sa_mask[0]=11111111011111110111111111111111, sa_flags=SA_ONSTACK|SA_RESTART|SA_SIGINFO
SIGBUS: [libjvm.dylib+0x570b99], sa_mask[0]=11111111011111110111111111111111, sa_flags=SA_RESTART|SA_SIGINFO
SIGFPE: [libjvm.dylib+0x461f81], sa_mask[0]=11111111011111110111111111111111, sa_flags=SA_RESTART|SA_SIGINFO
SIGPIPE: [libjvm.dylib+0x461f81], sa_mask[0]=11111111011111110111111111111111, sa_flags=SA_RESTART|SA_SIGINFO
SIGXFSZ: [libjvm.dylib+0x461f81], sa_mask[0]=11111111011111110111111111111111, sa_flags=SA_RESTART|SA_SIGINFO
SIGILL: [libjvm.dylib+0x461f81], sa_mask[0]=11111111011111110111111111111111, sa_flags=SA_RESTART|SA_SIGINFO
SIGUSR1: SIG_DFL, sa_mask[0]=00000000000000000000000000000000, sa_flags=none
SIGUSR2: [libjvm.dylib+0x462892], sa_mask[0]=00100000000000000000000000000000, sa_flags=SA_RESTART|SA_SIGINFO
SIGHUP: [libjvm.dylib+0x460a7b], sa_mask[0]=11111111011111110111111111111111, sa_flags=SA_RESTART|SA_SIGINFO
SIGINT: [libjvm.dylib+0x460a7b], sa_mask[0]=11111111011111110111111111111111, sa_flags=SA_RESTART|SA_SIGINFO
SIGTERM: [libjvm.dylib+0x460a7b], sa_mask[0]=11111111011111110111111111111111, sa_flags=SA_RESTART|SA_SIGINFO
SIGQUIT: [libjvm.dylib+0x460a7b], sa_mask[0]=11111111011111110111111111111111, sa_flags=SA_RESTART|SA_SIGINFO


---------------  S Y S T E M  ---------------

OS:Bsduname:Darwin 17.7.0 Darwin Kernel Version 17.7.0: Thu Dec 20 21:47:19 PST 2018; root:xnu-4570.71.22~1/RELEASE_X86_64 x86_64
rlimit: STACK 8192k, CORE 0k, NPROC 1418, NOFILE 10240, AS infinity
load average:4.37 4.16 4.40

CPU:total 8 (initial active 8) (4 cores per cpu, 2 threads per core) family 6 model 94 stepping 3, cmov, cx8, fxsr, mmx, sse, sse2, sse3, ssse3, sse4.1, sse4.2, popcnt, avx, avx2, aes, clmul, erms, rtm, 3dnowpref, lzcnt, ht, tsc, tscinvbit, bmi1, bmi2, adx

Memory: 4k page, physical 16777216k(9208k free)

/proc/meminfo:


vm_info: OpenJDK 64-Bit Server VM (25.152-b22) for bsd-amd64 JRE (1.8.0_152-release-1248-b22), built by "builder" with gcc 4.2.1 Compatible Apple LLVM 9.1.0 (clang-902.0.39.2)

time: Sun Mar 10 15:27:27 2019
elapsed time: 15923 seconds (0d 4h 25m 23s)

